<?xml version="1.0" encoding="UTF-8"?><testsuite failures="0" name="cucumber.runtime.formatter.JUnitFormatter" skipped="0" tests="1" time="13.036468">
<testcase classname="Free CRM new deal feature" name="Free CRM Create a new Deal Test Scenario" time="13.036468">
<system-out><![CDATA[Given User is already on Login Page.........................................passed
When Title of login page is Free CRM........................................passed
Then User enters username and password......................................passed
Then User clicks on Login Button............................................passed
Then User is on Home Page...................................................passed
Then User moves to new deal page............................................passed
Then User enters deals details..............................................passed
Then Close the Browser......................................................passed
]]></system-out>
</testcase>
</testsuite>
